<?xml version="1.0" encoding="UTF-8"?>
<!-- Generated by org.testng.reporters.JUnitReportReporter -->
<testsuite skipped="0" hostname="LAPTOP-URB4SGTG" name="testcase.LoginWithInvalidData" tests="1" failures="0" timestamp="2020-10-28T13:24:47 IST" time="7.119" errors="0">
  <testcase name="loginWithInvalidData" time="7.119" classname="testcase.LoginWithInvalidData"/>
</testsuite> <!-- testcase.LoginWithInvalidData -->
