<?xml version="1.0" encoding="UTF-8"?>
<!-- Generated by org.testng.reporters.JUnitReportReporter -->
<testsuite skipped="1" hostname="LAPTOP-URB4SGTG" name="testcase.LoginAndCreateLead" tests="1" failures="0" timestamp="2022-11-17T13:13:01 IST" time="0.000" errors="0">
  <testcase name="creatingLead" time="0.000" classname="testcase.LoginAndCreateLead">
    <skipped/>
  </testcase> <!-- creatingLead -->
</testsuite> <!-- testcase.LoginAndCreateLead -->
